%4|1773178703.957|GETPID|rdkafka#producer-1| [thrd:main]: Failed to acquire idempotence PID from broker localhost:9092/1: Broker: Coordinator load in progress: retrying
%4|1773178704.460|GETPID|rdkafka#producer-1| [thrd:main]: Failed to acquire idempotence PID from broker localhost:9092/1: Broker: Coordinator load in progress: retrying
/Users/muhammadsabeehwaqas/Documents/AirQualitySensors-DataPlatform/tenantB_producer.py:103: DeprecationWarning: datetime.datetime.utcnow() is deprecated and scheduled for removal in a future version. Use timezone-aware objects to represent datetimes in UTC: datetime.datetime.now(datetime.UTC).
  "ingest_ts_utc": datetime.utcnow().isoformat(timespec="seconds") + "Z",
==> TenantB producer started. Kafka=localhost:9092, topic=tenantB.bronze.raw
Press Ctrl+C to stop.

TenantB -> topic=tenantB.bronze.raw key=87553 ts=2026-03-10 21:37:45 location_id=87553 sensor_id=95379
TenantB -> topic=tenantB.bronze.raw key=49990 ts=2026-03-10 21:36:22 location_id=49990 sensor_id=63834
TenantB -> topic=tenantB.bronze.raw key=68565 ts=2026-03-10 21:36:33 location_id=68565 sensor_id=79151
TenantB -> topic=tenantB.bronze.raw key=21959 ts=2026-03-10 21:38:02 location_id=21959 sensor_id=35841
TenantB -> topic=tenantB.bronze.raw key=76457 ts=2026-03-10 21:37:42 location_id=76457 sensor_id=85919
TenantB -> topic=tenantB.bronze.raw key=58957 ts=2026-03-10 21:38:00 location_id=58957 sensor_id=71211
TenantB -> topic=tenantB.bronze.raw key=12308 ts=2026-03-10 21:37:33 location_id=12308 sensor_id=24145
TenantB -> topic=tenantB.bronze.raw key=7759 ts=2026-03-10 21:36:30 location_id=7759 sensor_id=15317
TenantB -> topic=tenantB.bronze.raw key=4197 ts=2026-03-10 21:36:22 location_id=4197 sensor_id=8319
TenantB -> topic=tenantB.bronze.raw key=90902 ts=2026-03-10 21:38:33 location_id=90902 sensor_id=97960
TenantB -> topic=tenantB.bronze.raw key=83307 ts=2026-03-10 21:38:27 location_id=83307 sensor_id=90047
TenantB -> topic=tenantB.bronze.raw key=82830 ts=2026-03-10 21:37:48 location_id=82830 sensor_id=90731
TenantB -> topic=tenantB.bronze.raw key=82417 ts=2026-03-10 21:34:57 location_id=82417 sensor_id=90437
TenantB -> topic=tenantB.bronze.raw key=74505 ts=2026-03-10 21:39:05 location_id=74505 sensor_id=56313
TenantB -> topic=tenantB.bronze.raw key=52912 ts=2026-03-10 21:39:16 location_id=52912 sensor_id=66119
TenantB -> topic=tenantB.bronze.raw key=23502 ts=2026-03-10 21:39:02 location_id=23502 sensor_id=37661
TenantB -> topic=tenantB.bronze.raw key=62885 ts=2026-03-10 21:39:49 location_id=62885 sensor_id=74372
TenantB -> topic=tenantB.bronze.raw key=22936 ts=2026-03-10 21:38:22 location_id=22936 sensor_id=37024
TenantB -> topic=tenantB.bronze.raw key=74007 ts=2026-03-10 21:39:33 location_id=74007 sensor_id=38135
TenantB -> topic=tenantB.bronze.raw key=49973 ts=2026-03-10 21:39:54 location_id=49973 sensor_id=61912
TenantB -> topic=tenantB.bronze.raw key=39642 ts=2026-03-10 21:38:13 location_id=39642 sensor_id=51249
TenantB -> topic=tenantB.bronze.raw key=79460 ts=2026-03-10 21:41:11 location_id=79460 sensor_id=88278
TenantB -> topic=tenantB.bronze.raw key=32811 ts=2026-03-10 21:38:53 location_id=32811 sensor_id=47053
TenantB -> topic=tenantB.bronze.raw key=87211 ts=2026-03-10 21:39:49 location_id=87211 sensor_id=94969
TenantB -> topic=tenantB.bronze.raw key=30612 ts=2026-03-10 21:40:52 location_id=30612 sensor_id=44881
TenantB -> topic=tenantB.bronze.raw key=91501 ts=2026-03-10 21:39:08 location_id=91501 sensor_id=97810
TenantB -> topic=tenantB.bronze.raw key=4792 ts=2026-03-10 21:39:06 location_id=4792 sensor_id=9508
TenantB -> topic=tenantB.bronze.raw key=15238 ts=2026-03-10 21:39:24 location_id=15238 sensor_id=27889
TenantB -> topic=tenantB.bronze.raw key=90366 ts=2026-03-10 21:38:57 location_id=90366 sensor_id=60465
TenantB -> topic=tenantB.bronze.raw key=90366 ts=2026-03-10 21:41:26 location_id=90366 sensor_id=60464
TenantB -> topic=tenantB.bronze.raw key=88653 ts=2026-03-10 21:41:47 location_id=88653 sensor_id=96278
TenantB -> topic=tenantB.bronze.raw key=168 ts=2026-03-10 21:42:12 location_id=168 sensor_id=359
TenantB -> topic=tenantB.bronze.raw key=81866 ts=2026-03-10 21:41:35 location_id=81866 sensor_id=3912
TenantB -> topic=tenantB.bronze.raw key=87613 ts=2026-03-10 21:39:54 location_id=87613 sensor_id=95419
TenantB -> topic=tenantB.bronze.raw key=91696 ts=2026-03-10 21:41:38 location_id=91696 sensor_id=96935
TenantB -> topic=tenantB.bronze.raw key=10326 ts=2026-03-10 21:39:46 location_id=10326 sensor_id=20336
TenantB -> topic=tenantB.bronze.raw key=80005 ts=2026-03-10 21:40:17 location_id=80005 sensor_id=88732
TenantB -> topic=tenantB.bronze.raw key=10202 ts=2026-03-10 21:42:56 location_id=10202 sensor_id=20084
TenantB -> topic=tenantB.bronze.raw key=39836 ts=2026-03-10 21:42:30 location_id=39836 sensor_id=53925
TenantB -> topic=tenantB.bronze.raw key=78972 ts=2026-03-10 21:42:02 location_id=78972 sensor_id=87882
TenantB -> topic=tenantB.bronze.raw key=18374 ts=2026-03-10 21:41:35 location_id=18374 sensor_id=31798
TenantB -> topic=tenantB.bronze.raw key=81939 ts=2026-03-10 21:41:12 location_id=81939 sensor_id=90150
TenantB -> topic=tenantB.bronze.raw key=85846 ts=2026-03-10 21:41:05 location_id=85846 sensor_id=93430
TenantB -> topic=tenantB.bronze.raw key=39539 ts=2026-03-10 21:41:07 location_id=39539 sensor_id=19676
TenantB -> topic=tenantB.bronze.raw key=47806 ts=2026-03-10 21:41:53 location_id=47806 sensor_id=61865
TenantB -> topic=tenantB.bronze.raw key=65556 ts=2026-03-10 21:41:55 location_id=65556 sensor_id=76645
TenantB -> topic=tenantB.bronze.raw key=63172 ts=2026-03-10 21:41:59 location_id=63172 sensor_id=41414
TenantB -> topic=tenantB.bronze.raw key=37736 ts=2026-03-10 21:41:53 location_id=37736 sensor_id=51656
TenantB -> topic=tenantB.bronze.raw key=10463 ts=2026-03-10 21:41:22 location_id=10463 sensor_id=20610
TenantB -> topic=tenantB.bronze.raw key=70624 ts=2026-03-10 21:42:00 location_id=70624 sensor_id=81140
TenantB -> topic=tenantB.bronze.raw key=70062 ts=2026-03-10 21:43:44 location_id=70062 sensor_id=80699
TenantB -> topic=tenantB.bronze.raw key=49 ts=2026-03-10 21:43:22 location_id=49 sensor_id=418
TenantB -> topic=tenantB.bronze.raw key=69108 ts=2026-03-10 21:44:57 location_id=69108 sensor_id=79631
TenantB -> topic=tenantB.bronze.raw key=61829 ts=2026-03-10 21:44:26 location_id=61829 sensor_id=73557
TenantB -> topic=tenantB.bronze.raw key=44912 ts=2026-03-10 21:44:36 location_id=44912 sensor_id=59127
TenantB -> topic=tenantB.bronze.raw key=65591 ts=2026-03-10 21:44:59 location_id=65591 sensor_id=76673
TenantB -> topic=tenantB.bronze.raw key=76503 ts=2026-03-10 21:43:31 location_id=76503 sensor_id=85938
TenantB -> topic=tenantB.bronze.raw key=89924 ts=2026-03-10 21:44:31 location_id=89924 sensor_id=97191
TenantB -> topic=tenantB.bronze.raw key=9689 ts=2026-03-10 21:42:15 location_id=9689 sensor_id=19113
TenantB -> topic=tenantB.bronze.raw key=89239 ts=2026-03-10 21:45:54 location_id=89239 sensor_id=87192
TenantB -> topic=tenantB.bronze.raw key=60332 ts=2026-03-10 21:45:27 location_id=60332 sensor_id=72223
TenantB -> topic=tenantB.bronze.raw key=48698 ts=2026-03-10 21:42:54 location_id=48698 sensor_id=52982
TenantB -> topic=tenantB.bronze.raw key=26167 ts=2026-03-10 21:45:30 location_id=26167 sensor_id=40463
TenantB -> topic=tenantB.bronze.raw key=76680 ts=2026-03-10 21:44:16 location_id=76680 sensor_id=86077
TenantB -> topic=tenantB.bronze.raw key=50134 ts=2026-03-10 21:45:24 location_id=50134 sensor_id=63957
TenantB -> topic=tenantB.bronze.raw key=49173 ts=2026-03-10 21:46:11 location_id=49173 sensor_id=63087
TenantB -> topic=tenantB.bronze.raw key=88993 ts=2026-03-10 21:47:05 location_id=88993 sensor_id=82334
TenantB -> topic=tenantB.bronze.raw key=17050 ts=2026-03-10 21:42:47 location_id=17050 sensor_id=30237
TenantB -> topic=tenantB.bronze.raw key=62283 ts=2026-03-10 21:46:54 location_id=62283 sensor_id=73931
TenantB -> topic=tenantB.bronze.raw key=10195 ts=2026-03-10 21:46:34 location_id=10195 sensor_id=20069
TenantB -> topic=tenantB.bronze.raw key=9760 ts=2026-03-10 21:46:10 location_id=9760 sensor_id=19251
TenantB -> topic=tenantB.bronze.raw key=18310 ts=2026-03-10 21:46:00 location_id=18310 sensor_id=34807
TenantB -> topic=tenantB.bronze.raw key=73771 ts=2026-03-10 21:47:08 location_id=73771 sensor_id=57155
TenantB -> topic=tenantB.bronze.raw key=35706 ts=2026-03-10 21:47:57 location_id=35706 sensor_id=49812
TenantB -> topic=tenantB.bronze.raw key=9381 ts=2026-03-10 21:45:42 location_id=9381 sensor_id=18503
TenantB -> topic=tenantB.bronze.raw key=15995 ts=2026-03-10 21:48:09 location_id=15995 sensor_id=28865
TenantB -> topic=tenantB.bronze.raw key=84713 ts=2026-03-10 21:47:12 location_id=84713 sensor_id=92562
TenantB -> topic=tenantB.bronze.raw key=48115 ts=2026-03-10 21:47:05 location_id=48115 sensor_id=62127
TenantB -> topic=tenantB.bronze.raw key=3644 ts=2026-03-10 21:46:02 location_id=3644 sensor_id=7205