%4|1773185913.354|GETPID|rdkafka#producer-1| [thrd:main]: Failed to acquire idempotence PID from broker localhost:9092/1: Broker: Coordinator load in progress: retrying
/Users/muhammadsabeehwaqas/Documents/AirQualitySensors-DataPlatform/tenantA_producer.py:127: DeprecationWarning: datetime.datetime.utcnow() is deprecated and scheduled for removal in a future version. Use timezone-aware objects to represent datetimes in UTC: datetime.datetime.now(datetime.UTC).
  "ingest_ts_utc": datetime.utcnow().isoformat(timespec="seconds") + "Z",
==> TenantA producer started. Kafka=localhost:9092, topic=tenantA.bronze.raw
Press Ctrl+C to stop.

TenantA -> topic=tenantA.bronze.raw key=85767 ts=2026-03-10 23:37:05 sensor_id=85767
TenantA -> topic=tenantA.bronze.raw key=32541 ts=2026-03-10 23:37:52 sensor_id=32541
TenantA -> topic=tenantA.bronze.raw key=2544 ts=2026-03-10 23:37:42 sensor_id=2544
TenantA -> topic=tenantA.bronze.raw key=15969 ts=2026-03-10 23:36:19 sensor_id=15969
TenantA -> topic=tenantA.bronze.raw key=88133 ts=2026-03-10 23:36:08 sensor_id=88133
TenantA -> topic=tenantA.bronze.raw key=33591 ts=2026-03-10 23:36:22 sensor_id=33591
TenantA -> topic=tenantA.bronze.raw key=57023 ts=2026-03-10 23:36:19 sensor_id=57023
TenantA -> topic=tenantA.bronze.raw key=11091 ts=2026-03-10 23:37:35 sensor_id=11091
TenantA -> topic=tenantA.bronze.raw key=2001 ts=2026-03-10 23:38:14 sensor_id=2001
TenantA -> topic=tenantA.bronze.raw key=60212 ts=2026-03-10 23:36:58 sensor_id=60212
TenantA -> topic=tenantA.bronze.raw key=47267 ts=2026-03-10 23:36:02 sensor_id=47267
TenantA -> topic=tenantA.bronze.raw key=71250 ts=2026-03-10 23:36:04 sensor_id=71250
TenantA -> topic=tenantA.bronze.raw key=28862 ts=2026-03-10 23:37:52 sensor_id=28862
TenantA -> topic=tenantA.bronze.raw key=38513 ts=2026-03-10 23:37:57 sensor_id=38513
TenantA -> topic=tenantA.bronze.raw key=49063 ts=2026-03-10 23:38:34 sensor_id=49063
TenantA -> topic=tenantA.bronze.raw key=19789 ts=2026-03-10 23:38:14 sensor_id=19789
TenantA -> topic=tenantA.bronze.raw key=87307 ts=2026-03-10 23:38:08 sensor_id=87307
TenantA -> topic=tenantA.bronze.raw key=72128 ts=2026-03-10 23:38:08 sensor_id=72128
TenantA -> topic=tenantA.bronze.raw key=86406 ts=2026-03-10 23:37:03 sensor_id=86406
TenantA -> topic=tenantA.bronze.raw key=78702 ts=2026-03-10 23:37:43 sensor_id=78702
TenantA -> topic=tenantA.bronze.raw key=57739 ts=2026-03-10 23:38:10 sensor_id=57739
TenantA -> topic=tenantA.bronze.raw key=32407 ts=2026-03-10 23:37:24 sensor_id=32407
TenantA -> topic=tenantA.bronze.raw key=58539 ts=2026-03-10 23:38:34 sensor_id=58539
TenantA -> topic=tenantA.bronze.raw key=68555 ts=2026-03-10 23:37:41 sensor_id=68555
TenantA -> topic=tenantA.bronze.raw key=79176 ts=2026-03-10 23:39:14 sensor_id=79176
TenantA -> topic=tenantA.bronze.raw key=84963 ts=2026-03-10 23:37:23 sensor_id=84963
TenantA -> topic=tenantA.bronze.raw key=78186 ts=2026-03-10 23:36:42 sensor_id=78186
TenantA -> topic=tenantA.bronze.raw key=49722 ts=2026-03-10 23:38:18 sensor_id=49722
TenantA -> topic=tenantA.bronze.raw key=1747 ts=2026-03-10 23:38:44 sensor_id=1747
TenantA -> topic=tenantA.bronze.raw key=64906 ts=2026-03-10 23:37:11 sensor_id=64906
TenantA -> topic=tenantA.bronze.raw key=62881 ts=2026-03-10 23:38:22 sensor_id=62881
TenantA -> topic=tenantA.bronze.raw key=67099 ts=2026-03-10 23:38:31 sensor_id=67099
TenantA -> topic=tenantA.bronze.raw key=86358 ts=2026-03-10 23:39:16 sensor_id=86358
TenantA -> topic=tenantA.bronze.raw key=95831 ts=2026-03-10 23:37:05 sensor_id=95831
TenantA -> topic=tenantA.bronze.raw key=83632 ts=2026-03-10 23:38:15 sensor_id=83632
TenantA -> topic=tenantA.bronze.raw key=19892 ts=2026-03-10 23:37:33 sensor_id=19892
TenantA -> topic=tenantA.bronze.raw key=70584 ts=2026-03-10 23:38:16 sensor_id=70584
⚠️ Fetch failed (attempt 1/5). Retrying in 2s... (('Received response with content-encoding: gzip, but failed to decode it.', error('Error -3 while decompressing data: incorrect data check')))
TenantA -> topic=tenantA.bronze.raw key=20251 ts=2026-03-10 23:38:49 sensor_id=20251
TenantA -> topic=tenantA.bronze.raw key=97213 ts=2026-03-10 23:40:01 sensor_id=97213
TenantA -> topic=tenantA.bronze.raw key=90350 ts=2026-03-10 23:38:45 sensor_id=90350
TenantA -> topic=tenantA.bronze.raw key=45620 ts=2026-03-10 23:39:48 sensor_id=45620
TenantA -> topic=tenantA.bronze.raw key=79034 ts=2026-03-10 23:36:48 sensor_id=79034
TenantA -> topic=tenantA.bronze.raw key=69300 ts=2026-03-10 23:39:38 sensor_id=69300
TenantA -> topic=tenantA.bronze.raw key=85148 ts=2026-03-10 23:39:23 sensor_id=85148
TenantA -> topic=tenantA.bronze.raw key=21505 ts=2026-03-10 23:40:12 sensor_id=21505
TenantA -> topic=tenantA.bronze.raw key=18042 ts=2026-03-10 23:39:38 sensor_id=18042
TenantA -> topic=tenantA.bronze.raw key=59877 ts=2026-03-10 23:38:16 sensor_id=59877
TenantA -> topic=tenantA.bronze.raw key=92325 ts=2026-03-10 23:37:24 sensor_id=92325
TenantA -> topic=tenantA.bronze.raw key=87475 ts=2026-03-10 23:41:13 sensor_id=87475
TenantA -> topic=tenantA.bronze.raw key=34184 ts=2026-03-10 23:41:15 sensor_id=34184
TenantA -> topic=tenantA.bronze.raw key=73296 ts=2026-03-10 23:39:12 sensor_id=73296
TenantA -> topic=tenantA.bronze.raw key=86087 ts=2026-03-10 23:40:35 sensor_id=86087
TenantA -> topic=tenantA.bronze.raw key=13651 ts=2026-03-10 23:40:57 sensor_id=13651
TenantA -> topic=tenantA.bronze.raw key=76435 ts=2026-03-10 23:40:49 sensor_id=76435
TenantA -> topic=tenantA.bronze.raw key=36991 ts=2026-03-10 23:39:14 sensor_id=36991
TenantA -> topic=tenantA.bronze.raw key=58784 ts=2026-03-10 23:39:18 sensor_id=58784
TenantA -> topic=tenantA.bronze.raw key=79494 ts=2026-03-10 23:39:22 sensor_id=79494
TenantA -> topic=tenantA.bronze.raw key=30681 ts=2026-03-10 23:40:40 sensor_id=30681
TenantA -> topic=tenantA.bronze.raw key=34742 ts=2026-03-10 23:41:09 sensor_id=34742
TenantA -> topic=tenantA.bronze.raw key=85918 ts=2026-03-10 23:40:48 sensor_id=85918
TenantA -> topic=tenantA.bronze.raw key=29712 ts=2026-03-10 23:39:42 sensor_id=29712
TenantA -> topic=tenantA.bronze.raw key=5414 ts=2026-03-10 23:38:44 sensor_id=5414
TenantA -> topic=tenantA.bronze.raw key=91058 ts=2026-03-10 23:38:57 sensor_id=91058
TenantA -> topic=tenantA.bronze.raw key=8231 ts=2026-03-10 23:40:23 sensor_id=8231
TenantA -> topic=tenantA.bronze.raw key=21671 ts=2026-03-10 23:41:56 sensor_id=21671
TenantA -> topic=tenantA.bronze.raw key=19728 ts=2026-03-10 23:40:31 sensor_id=19728
TenantA -> topic=tenantA.bronze.raw key=4406 ts=2026-03-10 23:40:16 sensor_id=4406
TenantA -> topic=tenantA.bronze.raw key=32476 ts=2026-03-10 23:41:00 sensor_id=32476
TenantA -> topic=tenantA.bronze.raw key=3257 ts=2026-03-10 23:42:07 sensor_id=3257
TenantA -> topic=tenantA.bronze.raw key=98347 ts=2026-03-10 23:41:03 sensor_id=98347
TenantA -> topic=tenantA.bronze.raw key=75589 ts=2026-03-10 23:41:29 sensor_id=75589
TenantA -> topic=tenantA.bronze.raw key=81366 ts=2026-03-10 23:42:06 sensor_id=81366
TenantA -> topic=tenantA.bronze.raw key=26131 ts=2026-03-10 23:42:43 sensor_id=26131
TenantA -> topic=tenantA.bronze.raw key=70014 ts=2026-03-10 23:40:42 sensor_id=70014
TenantA -> topic=tenantA.bronze.raw key=97323 ts=2026-03-10 23:41:49 sensor_id=97323
TenantA -> topic=tenantA.bronze.raw key=59527 ts=2026-03-10 23:43:32 sensor_id=59527
TenantA -> topic=tenantA.bronze.raw key=96253 ts=2026-03-10 23:43:01 sensor_id=96253
TenantA -> topic=tenantA.bronze.raw key=7654 ts=2026-03-10 23:41:57 sensor_id=7654
TenantA -> topic=tenantA.bronze.raw key=79439 ts=2026-03-10 23:43:48 sensor_id=79439
TenantA -> topic=tenantA.bronze.raw key=98148 ts=2026-03-10 23:43:00 sensor_id=98148
TenantA -> topic=tenantA.bronze.raw key=83840 ts=2026-03-10 23:43:22 sensor_id=83840
TenantA -> topic=tenantA.bronze.raw key=37184 ts=2026-03-10 23:43:06 sensor_id=37184
TenantA -> topic=tenantA.bronze.raw key=92804 ts=2026-03-10 23:43:31 sensor_id=92804
TenantA -> topic=tenantA.bronze.raw key=45322 ts=2026-03-10 23:42:27 sensor_id=45322
TenantA -> topic=tenantA.bronze.raw key=83121 ts=2026-03-10 23:43:42 sensor_id=83121
TenantA -> topic=tenantA.bronze.raw key=94240 ts=2026-03-10 23:44:37 sensor_id=94240
TenantA -> topic=tenantA.bronze.raw key=90722 ts=2026-03-10 23:43:03 sensor_id=90722
TenantA -> topic=tenantA.bronze.raw key=93570 ts=2026-03-10 23:44:28 sensor_id=93570
TenantA -> topic=tenantA.bronze.raw key=86388 ts=2026-03-10 23:45:34 sensor_id=86388
TenantA -> topic=tenantA.bronze.raw key=81154 ts=2026-03-10 23:46:04 sensor_id=81154
TenantA -> topic=tenantA.bronze.raw key=61989 ts=2026-03-10 23:45:31 sensor_id=61989
TenantA -> topic=tenantA.bronze.raw key=72172 ts=2026-03-10 23:45:53 sensor_id=72172
TenantA -> topic=tenantA.bronze.raw key=55879 ts=2026-03-10 23:44:34 sensor_id=55879
TenantA -> topic=tenantA.bronze.raw key=43576 ts=2026-03-10 23:43:40 sensor_id=43576
TenantA -> topic=tenantA.bronze.raw key=13440 ts=2026-03-10 23:45:55 sensor_id=13440
TenantA -> topic=tenantA.bronze.raw key=95163 ts=2026-03-10 23:45:26 sensor_id=95163
TenantA -> topic=tenantA.bronze.raw key=5196 ts=2026-03-10 23:45:10 sensor_id=5196
TenantA -> topic=tenantA.bronze.raw key=91343 ts=2026-03-10 23:45:42 sensor_id=91343
TenantA -> topic=tenantA.bronze.raw key=35962 ts=2026-03-10 23:46:40 sensor_id=35962
TenantA -> topic=tenantA.bronze.raw key=73583 ts=2026-03-10 23:45:12 sensor_id=73583
TenantA -> topic=tenantA.bronze.raw key=92674 ts=2026-03-10 23:46:34 sensor_id=92674
TenantA -> topic=tenantA.bronze.raw key=9730 ts=2026-03-10 23:46:35 sensor_id=9730
TenantA -> topic=tenantA.bronze.raw key=38721 ts=2026-03-10 23:46:55 sensor_id=38721
TenantA -> topic=tenantA.bronze.raw key=33699 ts=2026-03-10 23:46:05 sensor_id=33699
TenantA -> topic=tenantA.bronze.raw key=47428 ts=2026-03-10 23:45:08 sensor_id=47428
TenantA -> topic=tenantA.bronze.raw key=78453 ts=2026-03-10 23:45:50 sensor_id=78453
TenantA -> topic=tenantA.bronze.raw key=3406 ts=2026-03-10 23:48:33 sensor_id=3406
TenantA -> topic=tenantA.bronze.raw key=93160 ts=2026-03-10 23:48:09 sensor_id=93160
TenantA -> topic=tenantA.bronze.raw key=19340 ts=2026-03-10 23:48:30 sensor_id=19340
TenantA -> topic=tenantA.bronze.raw key=79756 ts=2026-03-10 23:47:32 sensor_id=79756
TenantA -> topic=tenantA.bronze.raw key=75295 ts=2026-03-10 23:48:28 sensor_id=75295
TenantA -> topic=tenantA.bronze.raw key=24802 ts=2026-03-10 23:48:19 sensor_id=24802
TenantA -> topic=tenantA.bronze.raw key=37077 ts=2026-03-10 23:46:55 sensor_id=37077
TenantA -> topic=tenantA.bronze.raw key=93987 ts=2026-03-10 23:47:56 sensor_id=93987
TenantA -> topic=tenantA.bronze.raw key=97564 ts=2026-03-10 23:49:25 sensor_id=97564
TenantA -> topic=tenantA.bronze.raw key=12219 ts=2026-03-10 23:48:16 sensor_id=12219
TenantA -> topic=tenantA.bronze.raw key=86780 ts=2026-03-10 23:49:20 sensor_id=86780
TenantA -> topic=tenantA.bronze.raw key=53548 ts=2026-03-10 23:50:16 sensor_id=53548
TenantA -> topic=tenantA.bronze.raw key=773 ts=2026-03-10 23:49:34 sensor_id=773
TenantA -> topic=tenantA.bronze.raw key=45216 ts=2026-03-10 23:49:52 sensor_id=45216
TenantA -> topic=tenantA.bronze.raw key=65221 ts=2026-03-10 23:49:02 sensor_id=65221
TenantA -> topic=tenantA.bronze.raw key=39287 ts=2026-03-10 23:51:12 sensor_id=39287
TenantA -> topic=tenantA.bronze.raw key=94242 ts=2026-03-10 23:49:26 sensor_id=94242
TenantA -> topic=tenantA.bronze.raw key=76435 ts=2026-03-10 23:50:38 sensor_id=76435
TenantA -> topic=tenantA.bronze.raw key=55044 ts=2026-03-10 23:51:50 sensor_id=55044
TenantA -> topic=tenantA.bronze.raw key=3563 ts=2026-03-10 23:51:27 sensor_id=3563
TenantA -> topic=tenantA.bronze.raw key=67032 ts=2026-03-10 23:51:06 sensor_id=67032
TenantA -> topic=tenantA.bronze.raw key=24728 ts=2026-03-10 23:50:59 sensor_id=24728
TenantA -> topic=tenantA.bronze.raw key=11792 ts=2026-03-10 23:52:01 sensor_id=11792
TenantA -> topic=tenantA.bronze.raw key=4410 ts=2026-03-10 23:51:40 sensor_id=4410
TenantA -> topic=tenantA.bronze.raw key=43810 ts=2026-03-10 23:50:57 sensor_id=43810
TenantA -> topic=tenantA.bronze.raw key=54999 ts=2026-03-10 23:50:00 sensor_id=54999
TenantA -> topic=tenantA.bronze.raw key=37289 ts=2026-03-10 23:51:58 sensor_id=37289
TenantA -> topic=tenantA.bronze.raw key=90154 ts=2026-03-10 23:50:54 sensor_id=90154
TenantA -> topic=tenantA.bronze.raw key=78338 ts=2026-03-10 23:53:03 sensor_id=78338
TenantA -> topic=tenantA.bronze.raw key=91407 ts=2026-03-10 23:51:41 sensor_id=91407
TenantA -> topic=tenantA.bronze.raw key=7516 ts=2026-03-10 23:51:33 sensor_id=7516
TenantA -> topic=tenantA.bronze.raw key=24392 ts=2026-03-10 23:53:57 sensor_id=24392
TenantA -> topic=tenantA.bronze.raw key=84996 ts=2026-03-10 23:54:16 sensor_id=84996
TenantA -> topic=tenantA.bronze.raw key=45523 ts=2026-03-10 23:53:07 sensor_id=45523
TenantA -> topic=tenantA.bronze.raw key=76635 ts=2026-03-10 23:51:22 sensor_id=76635
TenantA -> topic=tenantA.bronze.raw key=68686 ts=2026-03-10 23:53:43 sensor_id=68686
TenantA -> topic=tenantA.bronze.raw key=87924 ts=2026-03-10 23:53:43 sensor_id=87924
TenantA -> topic=tenantA.bronze.raw key=91385 ts=2026-03-10 23:54:12 sensor_id=91385
TenantA -> topic=tenantA.bronze.raw key=15113 ts=2026-03-10 23:54:30 sensor_id=15113
TenantA -> topic=tenantA.bronze.raw key=49495 ts=2026-03-10 23:53:10 sensor_id=49495
TenantA -> topic=tenantA.bronze.raw key=83551 ts=2026-03-10 23:54:13 sensor_id=83551
TenantA -> topic=tenantA.bronze.raw key=19880 ts=2026-03-10 23:54:14 sensor_id=19880
TenantA -> topic=tenantA.bronze.raw key=80313 ts=2026-03-10 23:55:23 sensor_id=80313
TenantA -> topic=tenantA.bronze.raw key=53230 ts=2026-03-10 23:55:37 sensor_id=53230
TenantA -> topic=tenantA.bronze.raw key=75699 ts=2026-03-10 23:55:32 sensor_id=75699
TenantA -> topic=tenantA.bronze.raw key=7824 ts=2026-03-10 23:55:49 sensor_id=7824
TenantA -> topic=tenantA.bronze.raw key=83827 ts=2026-03-10 23:54:41 sensor_id=83827
TenantA -> topic=tenantA.bronze.raw key=77623 ts=2026-03-10 23:56:08 sensor_id=77623
TenantA -> topic=tenantA.bronze.raw key=74894 ts=2026-03-10 23:57:07 sensor_id=74894
TenantA -> topic=tenantA.bronze.raw key=10100 ts=2026-03-10 23:54:56 sensor_id=10100
TenantA -> topic=tenantA.bronze.raw key=51963 ts=2026-03-10 23:55:30 sensor_id=51963
TenantA -> topic=tenantA.bronze.raw key=51466 ts=2026-03-10 23:54:50 sensor_id=51466
TenantA -> topic=tenantA.bronze.raw key=51396 ts=2026-03-10 23:57:16 sensor_id=51396
TenantA -> topic=tenantA.bronze.raw key=78695 ts=2026-03-10 23:57:10 sensor_id=78695
TenantA -> topic=tenantA.bronze.raw key=38264 ts=2026-03-10 23:57:47 sensor_id=38264
TenantA -> topic=tenantA.bronze.raw key=89498 ts=2026-03-10 23:56:54 sensor_id=89498
TenantA -> topic=tenantA.bronze.raw key=60212 ts=2026-03-10 23:56:25 sensor_id=60212
TenantA -> topic=tenantA.bronze.raw key=66608 ts=2026-03-10 23:57:34 sensor_id=66608
TenantA -> topic=tenantA.bronze.raw key=34876 ts=2026-03-10 23:58:08 sensor_id=34876
TenantA -> topic=tenantA.bronze.raw key=77583 ts=2026-03-10 23:58:28 sensor_id=77583
TenantA -> topic=tenantA.bronze.raw key=23378 ts=2026-03-10 23:58:20 sensor_id=23378
TenantA -> topic=tenantA.bronze.raw key=50799 ts=2026-03-10 23:58:47 sensor_id=50799
TenantA -> topic=tenantA.bronze.raw key=97812 ts=2026-03-10 23:57:13 sensor_id=97812
TenantA -> topic=tenantA.bronze.raw key=27526 ts=2026-03-10 23:56:55 sensor_id=27526
TenantA -> topic=tenantA.bronze.raw key=66570 ts=2026-03-10 23:58:09 sensor_id=66570
TenantA -> topic=tenantA.bronze.raw key=88712 ts=2026-03-10 23:57:45 sensor_id=88712
TenantA -> topic=tenantA.bronze.raw key=13083 ts=2026-03-10 23:58:50 sensor_id=13083
TenantA -> topic=tenantA.bronze.raw key=25549 ts=2026-03-10 23:59:08 sensor_id=25549
TenantA -> topic=tenantA.bronze.raw key=44606 ts=2026-03-10 23:58:12 sensor_id=44606
TenantA -> topic=tenantA.bronze.raw key=80422 ts=2026-03-10 23:59:59 sensor_id=80422
TenantA -> topic=tenantA.bronze.raw key=38543 ts=2026-03-10 23:58:27 sensor_id=38543
TenantA -> topic=tenantA.bronze.raw key=73667 ts=2026-03-11 00:00:03 sensor_id=73667
TenantA -> topic=tenantA.bronze.raw key=81825 ts=2026-03-10 23:59:03 sensor_id=81825
TenantA -> topic=tenantA.bronze.raw key=98058 ts=2026-03-11 00:00:49 sensor_id=98058
TenantA -> topic=tenantA.bronze.raw key=8564 ts=2026-03-11 00:00:23 sensor_id=8564
TenantA -> topic=tenantA.bronze.raw key=18858 ts=2026-03-11 00:00:34 sensor_id=18858
TenantA -> topic=tenantA.bronze.raw key=53547 ts=2026-03-11 00:00:03 sensor_id=53547
TenantA -> topic=tenantA.bronze.raw key=67627 ts=2026-03-11 00:01:31 sensor_id=67627
TenantA -> topic=tenantA.bronze.raw key=15480 ts=2026-03-11 00:01:44 sensor_id=15480
TenantA -> topic=tenantA.bronze.raw key=82243 ts=2026-03-11 00:00:37 sensor_id=82243
TenantA -> topic=tenantA.bronze.raw key=6007 ts=2026-03-11 00:02:14 sensor_id=6007
TenantA -> topic=tenantA.bronze.raw key=8419 ts=2026-03-11 00:01:38 sensor_id=8419
TenantA -> topic=tenantA.bronze.raw key=65187 ts=2026-03-11 00:00:19 sensor_id=65187
TenantA -> topic=tenantA.bronze.raw key=68859 ts=2026-03-11 00:00:23 sensor_id=68859
TenantA -> topic=tenantA.bronze.raw key=52189 ts=2026-03-11 00:01:47 sensor_id=52189